<?xml version="1.0" encoding="UTF-8"?>
<testng-results ignored="0" total="1" passed="1" failed="0" skipped="0">
  <reporter-output>
  </reporter-output>
  <suite started-at="2026-03-07T21:36:28 IST" name="Surefire suite" finished-at="2026-03-07T21:36:32 IST" duration-ms="4707">
    <groups>
    </groups>
    <test started-at="2026-03-07T21:36:28 IST" name="Surefire test" finished-at="2026-03-07T21:36:32 IST" duration-ms="4707">
      <class name="AddToCartTest">
        <test-method is-config="true" signature="setUp()[pri:0, instance:AddToCartTest@17c1bced]" started-at="2026-03-07T21:36:28 IST" name="setUp" finished-at="2026-03-07T21:36:30 IST" duration-ms="2209" status="PASS">
          <reporter-output>
          </reporter-output>
        </test-method> <!-- setUp -->
        <test-method signature="testAddToCart_C59_SuccessfulAddition()[pri:0, instance:AddToCartTest@17c1bced]" started-at="2026-03-07T21:36:30 IST" name="testAddToCart_C59_SuccessfulAddition" finished-at="2026-03-07T21:36:32 IST" duration-ms="2054" status="PASS">
          <reporter-output>
          </reporter-output>
        </test-method> <!-- testAddToCart_C59_SuccessfulAddition -->
        <test-method is-config="true" signature="tearDown()[pri:0, instance:AddToCartTest@17c1bced]" started-at="2026-03-07T21:36:32 IST" name="tearDown" finished-at="2026-03-07T21:36:32 IST" duration-ms="351" status="PASS">
          <reporter-output>
          </reporter-output>
        </test-method> <!-- tearDown -->
      </class> <!-- AddToCartTest -->
    </test> <!-- Surefire test -->
  </suite> <!-- Surefire suite -->
</testng-results>
